# JRE version: OpenJDK Runtime Environment (15.0.2+7) (build 15.0.2+7-27)
# Java VM: OpenJDK 64-Bit Server VM (15.0.2+7-27, mixed mode, sharing, tiered, compressed oops, g1 gc, windows-amd64)
GC Precious Log:
 CPUs: 8 total, 8 available
 Memory: 15272M
 Large Page Support: Disabled
 NUMA Support: Disabled
 Compressed Oops: Enabled (Zero based)
 Heap Region Size: 2M
 Heap Min Capacity: 8M
 Heap Initial Capacity: 240M
 Heap Max Capacity: 3820M
 Pre-touch: Disabled
 Parallel Workers: 8
 Concurrent Workers: 2
 Concurrent Refinement Workers: 8
 Periodic GC: Disabled
Heap:
 garbage-first heap   total 143360K, used 69143K [0x0000000711400000, 0x0000000800000000)
  region size 2048K, 7 young (14336K), 1 survivors (2048K)
 Metaspace       used 73871K, capacity 74530K, committed 74832K, reserved 1114112K
  class space    used 9142K, capacity 9348K, committed 9472K, reserved 1048576K
GC Heap History (20 events):
Event: 1446.067 GC heap before
{Heap before GC invocations=138 (full 0):
 garbage-first heap   total 151552K, used 84017K [0x0000000711400000, 0x0000000800000000)
  region size 2048K, 4 young (8192K), 1 survivors (2048K)
 Metaspace       used 73772K, capacity 74338K, committed 74576K, reserved 1114112K
  class space    used 9142K, capacity 9348K, committed 9472K, reserved 1048576K
}
Event: 1446.069 GC heap after
{Heap after GC invocations=139 (full 0):
 garbage-first heap   total 151552K, used 34367K [0x0000000711400000, 0x0000000800000000)
  region size 2048K, 1 young (2048K), 1 survivors (2048K)
 Metaspace       used 73772K, capacity 74338K, committed 74576K, reserved 1114112K
  class space    used 9142K, capacity 9348K, committed 9472K, reserved 1048576K
}
Event: 1446.494 GC heap before
{Heap before GC invocations=140 (full 0):
 garbage-first heap   total 151552K, used 87615K [0x0000000711400000, 0x0000000800000000)
  region size 2048K, 13 young (26624K), 1 survivors (2048K)
 Metaspace       used 73788K, capacity 74338K, committed 74576K, reserved 1114112K
  class space    used 9142K, capacity 9348K, committed 9472K, reserved 1048576K
}
Event: 1446.496 GC heap after
{Heap after GC invocations=141 (full 0):
 garbage-first heap   total 151552K, used 42556K [0x0000000711400000, 0x0000000800000000)
  region size 2048K, 1 young (2048K), 1 survivors (2048K)
 Metaspace       used 73788K, capacity 74338K, committed 74576K, reserved 1114112K
  class space    used 9142K, capacity 9348K, committed 9472K, reserved 1048576K
}
Event: 1491.987 GC heap before
{Heap before GC invocations=142 (full 0):
 garbage-first heap   total 151552K, used 87612K [0x0000000711400000, 0x0000000800000000)
  region size 2048K, 5 young (10240K), 1 survivors (2048K)
 Metaspace       used 73801K, capacity 74402K, committed 74576K, reserved 1114112K
  class space    used 9142K, capacity 9348K, committed 9472K, reserved 1048576K
}
Event: 1491.988 GC heap after
{Heap after GC invocations=143 (full 0):
 garbage-first heap   total 151552K, used 30263K [0x0000000711400000, 0x0000000800000000)
  region size 2048K, 1 young (2048K), 1 survivors (2048K)
 Metaspace       used 73801K, capacity 74402K, committed 74576K, reserved 1114112K
  class space    used 9142K, capacity 9348K, committed 9472K, reserved 1048576K
}
Event: 1492.330 GC heap before
{Heap before GC invocations=144 (full 0):
 garbage-first heap   total 143360K, used 79415K [0x0000000711400000, 0x0000000800000000)
  region size 2048K, 10 young (20480K), 1 survivors (2048K)
 Metaspace       used 73815K, capacity 74402K, committed 74576K, reserved 1114112K
  class space    used 9142K, capacity 9348K, committed 9472K, reserved 1048576K
}
Event: 1492.331 GC heap after
{Heap after GC invocations=145 (full 0):
 garbage-first heap   total 143360K, used 43002K [0x0000000711400000, 0x0000000800000000)
  region size 2048K, 1 young (2048K), 1 survivors (2048K)
 Metaspace       used 73815K, capacity 74402K, committed 74576K, reserved 1114112K
  class space    used 9142K, capacity 9348K, committed 9472K, reserved 1048576K
}
Event: 1494.971 GC heap before
{Heap before GC invocations=146 (full 0):
 garbage-first heap   total 143360K, used 61434K [0x0000000711400000, 0x0000000800000000)
  region size 2048K, 3 young (6144K), 1 survivors (2048K)
 Metaspace       used 73822K, capacity 74402K, committed 74576K, reserved 1114112K
  class space    used 9142K, capacity 9348K, committed 9472K, reserved 1048576K
}
Event: 1494.972 GC heap after
{Heap after GC invocations=147 (full 0):
 garbage-first heap   total 143360K, used 30212K [0x0000000711400000, 0x0000000800000000)
  region size 2048K, 1 young (2048K), 1 survivors (2048K)
 Metaspace       used 73822K, capacity 74402K, committed 74576K, reserved 1114112K
  class space    used 9142K, capacity 9348K, committed 9472K, reserved 1048576K
}
Event: 1495.382 GC heap before
{Heap before GC invocations=148 (full 0):
 garbage-first heap   total 143360K, used 75268K [0x0000000711400000, 0x0000000800000000)
  region size 2048K, 10 young (20480K), 1 survivors (2048K)
 Metaspace       used 73823K, capacity 74402K, committed 74576K, reserved 1114112K
  class space    used 9142K, capacity 9348K, committed 9472K, reserved 1048576K
}
Event: 1495.383 GC heap after
{Heap after GC invocations=149 (full 0):
 garbage-first heap   total 143360K, used 34311K [0x0000000711400000, 0x0000000800000000)
  region size 2048K, 1 young (2048K), 1 survivors (2048K)
 Metaspace       used 73823K, capacity 74402K, committed 74576K, reserved 1114112K
  class space    used 9142K, capacity 9348K, committed 9472K, reserved 1048576K
}
Event: 1529.547 GC heap before
{Heap before GC invocations=150 (full 0):
 garbage-first heap   total 143360K, used 62983K [0x0000000711400000, 0x0000000800000000)
  region size 2048K, 4 young (8192K), 1 survivors (2048K)
 Metaspace       used 73844K, capacity 74402K, committed 74576K, reserved 1114112K
  class space    used 9142K, capacity 9348K, committed 9472K, reserved 1048576K
}
Event: 1529.548 GC heap after
{Heap after GC invocations=151 (full 0):
 garbage-first heap   total 143360K, used 34323K [0x0000000711400000, 0x0000000800000000)
  region size 2048K, 1 young (2048K), 1 survivors (2048K)
 Metaspace       used 73844K, capacity 74402K, committed 74576K, reserved 1114112K
  class space    used 9142K, capacity 9348K, committed 9472K, reserved 1048576K
}
Event: 1530.093 GC heap before
{Heap before GC invocations=152 (full 0):
 garbage-first heap   total 143360K, used 73235K [0x0000000711400000, 0x0000000800000000)
  region size 2048K, 10 young (20480K), 1 survivors (2048K)
 Metaspace       used 73850K, capacity 74402K, committed 74576K, reserved 1114112K
  class space    used 9142K, capacity 9348K, committed 9472K, reserved 1048576K
}
Event: 1530.094 GC heap after
{Heap after GC invocations=153 (full 0):
 garbage-first heap   total 143360K, used 34316K [0x0000000711400000, 0x0000000800000000)
  region size 2048K, 1 young (2048K), 1 survivors (2048K)
 Metaspace       used 73850K, capacity 74402K, committed 74576K, reserved 1114112K
  class space    used 9142K, capacity 9348K, committed 9472K, reserved 1048576K
}
Event: 1533.005 GC heap before
{Heap before GC invocations=154 (full 0):
 garbage-first heap   total 143360K, used 60940K [0x0000000711400000, 0x0000000800000000)
  region size 2048K, 3 young (6144K), 1 survivors (2048K)
 Metaspace       used 73861K, capacity 74466K, committed 74832K, reserved 1114112K
  class space    used 9142K, capacity 9348K, committed 9472K, reserved 1048576K
}
Event: 1533.006 GC heap after
{Heap after GC invocations=155 (full 0):
 garbage-first heap   total 143360K, used 34333K [0x0000000711400000, 0x0000000800000000)
  region size 2048K, 1 young (2048K), 1 survivors (2048K)
 Metaspace       used 73861K, capacity 74466K, committed 74832K, reserved 1114112K
  class space    used 9142K, capacity 9348K, committed 9472K, reserved 1048576K
}
Event: 1533.497 GC heap before
{Heap before GC invocations=156 (full 0):
 garbage-first heap   total 143360K, used 75293K [0x0000000711400000, 0x0000000800000000)
  region size 2048K, 10 young (20480K), 1 survivors (2048K)
 Metaspace       used 73863K, capacity 74466K, committed 74832K, reserved 1114112K
  class space    used 9142K, capacity 9348K, committed 9472K, reserved 1048576K
}
Event: 1533.498 GC heap after
{Heap after GC invocations=157 (full 0):
 garbage-first heap   total 143360K, used 34327K [0x0000000711400000, 0x0000000800000000)
  region size 2048K, 1 young (2048K), 1 survivors (2048K)
 Metaspace       used 73863K, capacity 74466K, committed 74832K, reserved 1114112K
  class space    used 9142K, capacity 9348K, committed 9472K, reserved 1048576K
}

